# JRE version: OpenJDK Runtime Environment (11.0.10) (build 11.0.10+0-b96-7249189)
# Java VM: OpenJDK 64-Bit Server VM (11.0.10+0-b96-7249189, mixed mode, tiered, compressed oops, g1 gc, linux-amd64)
Heap:
 garbage-first heap   total 342016K, used 166432K [0x0000000080000000, 0x0000000100000000)
  region size 1024K, 36 young (36864K), 3 survivors (3072K)
 Metaspace       used 122759K, capacity 127419K, committed 127896K, reserved 1161216K
  class space    used 15032K, capacity 16661K, committed 16792K, reserved 1048576K
GC Heap History (20 events):
Event: 4536.356 GC heap before
{Heap before GC invocations=316 (full 0):
 garbage-first heap   total 342016K, used 161261K [0x0000000080000000, 0x0000000100000000)
  region size 1024K, 51 young (52224K), 2 survivors (2048K)
 Metaspace       used 122676K, capacity 127286K, committed 127640K, reserved 1161216K
  class space    used 15032K, capacity 16661K, committed 16792K, reserved 1048576K
}
Event: 4536.361 GC heap after
{Heap after GC invocations=317 (full 0):
 garbage-first heap   total 342016K, used 115181K [0x0000000080000000, 0x0000000100000000)
  region size 1024K, 4 young (4096K), 4 survivors (4096K)
 Metaspace       used 122676K, capacity 127286K, committed 127640K, reserved 1161216K
  class space    used 15032K, capacity 16661K, committed 16792K, reserved 1048576K
}
Event: 4536.581 GC heap before
{Heap before GC invocations=318 (full 0):
 garbage-first heap   total 342016K, used 249325K [0x0000000080000000, 0x0000000100000000)
  region size 1024K, 122 young (124928K), 4 survivors (4096K)
 Metaspace       used 122694K, capacity 127288K, committed 127640K, reserved 1161216K
  class space    used 15032K, capacity 16661K, committed 16792K, reserved 1048576K
}
Event: 4536.607 GC heap after
{Heap after GC invocations=319 (full 0):
 garbage-first heap   total 342016K, used 154867K [0x0000000080000000, 0x0000000100000000)
  region size 1024K, 16 young (16384K), 16 survivors (16384K)
 Metaspace       used 122694K, capacity 127288K, committed 127640K, reserved 1161216K
  class space    used 15032K, capacity 16661K, committed 16792K, reserved 1048576K
}
Event: 4536.611 GC heap before
{Heap before GC invocations=319 (full 0):
 garbage-first heap   total 342016K, used 155891K [0x0000000080000000, 0x0000000100000000)
  region size 1024K, 17 young (17408K), 16 survivors (16384K)
 Metaspace       used 122694K, capacity 127288K, committed 127640K, reserved 1161216K
  class space    used 15032K, capacity 16661K, committed 16792K, reserved 1048576K
}
Event: 4536.635 GC heap after
{Heap after GC invocations=320 (full 0):
 garbage-first heap   total 342016K, used 157387K [0x0000000080000000, 0x0000000100000000)
  region size 1024K, 2 young (2048K), 2 survivors (2048K)
 Metaspace       used 122694K, capacity 127288K, committed 127640K, reserved 1161216K
  class space    used 15032K, capacity 16661K, committed 16792K, reserved 1048576K
}
Event: 4536.690 GC heap before
{Heap before GC invocations=320 (full 0):
 garbage-first heap   total 342016K, used 177867K [0x0000000080000000, 0x0000000100000000)
  region size 1024K, 23 young (23552K), 2 survivors (2048K)
 Metaspace       used 122694K, capacity 127288K, committed 127640K, reserved 1161216K
  class space    used 15032K, capacity 16661K, committed 16792K, reserved 1048576K
}
Event: 4536.701 GC heap after
{Heap after GC invocations=321 (full 0):
 garbage-first heap   total 342016K, used 162627K [0x0000000080000000, 0x0000000100000000)
  region size 1024K, 8 young (8192K), 8 survivors (8192K)
 Metaspace       used 122694K, capacity 127288K, committed 127640K, reserved 1161216K
  class space    used 15032K, capacity 16661K, committed 16792K, reserved 1048576K
}
Event: 4537.011 GC heap before
{Heap before GC invocations=322 (full 0):
 garbage-first heap   total 342016K, used 267075K [0x0000000080000000, 0x0000000100000000)
  region size 1024K, 94 young (96256K), 8 survivors (8192K)
 Metaspace       used 122694K, capacity 127288K, committed 127640K, reserved 1161216K
  class space    used 15032K, capacity 16661K, committed 16792K, reserved 1048576K
}
Event: 4537.026 GC heap after
{Heap after GC invocations=323 (full 0):
 garbage-first heap   total 342016K, used 191379K [0x0000000080000000, 0x0000000100000000)
  region size 1024K, 12 young (12288K), 12 survivors (12288K)
 Metaspace       used 122694K, capacity 127288K, committed 127640K, reserved 1161216K
  class space    used 15032K, capacity 16661K, committed 16792K, reserved 1048576K
}
Event: 4537.051 GC heap before
{Heap before GC invocations=323 (full 0):
 garbage-first heap   total 342016K, used 195475K [0x0000000080000000, 0x0000000100000000)
  region size 1024K, 16 young (16384K), 12 survivors (12288K)
 Metaspace       used 122694K, capacity 127288K, committed 127640K, reserved 1161216K
  class space    used 15032K, capacity 16661K, committed 16792K, reserved 1048576K
}
Event: 4537.060 GC heap after
{Heap after GC invocations=324 (full 0):
 garbage-first heap   total 342016K, used 172905K [0x0000000080000000, 0x0000000100000000)
  region size 1024K, 1 young (1024K), 1 survivors (1024K)
 Metaspace       used 122694K, capacity 127288K, committed 127640K, reserved 1161216K
  class space    used 15032K, capacity 16661K, committed 16792K, reserved 1048576K
}
Event: 4537.154 GC heap before
{Heap before GC invocations=324 (full 0):
 garbage-first heap   total 342016K, used 194409K [0x0000000080000000, 0x0000000100000000)
  region size 1024K, 23 young (23552K), 1 survivors (1024K)
 Metaspace       used 122697K, capacity 127288K, committed 127640K, reserved 1161216K
  class space    used 15032K, capacity 16661K, committed 16792K, reserved 1048576K
}
Event: 4537.158 GC heap after
{Heap after GC invocations=325 (full 0):
 garbage-first heap   total 342016K, used 173134K [0x0000000080000000, 0x0000000100000000)
  region size 1024K, 1 young (1024K), 1 survivors (1024K)
 Metaspace       used 122697K, capacity 127288K, committed 127640K, reserved 1161216K
  class space    used 15032K, capacity 16661K, committed 16792K, reserved 1048576K
}
Event: 5609.873 GC heap before
{Heap before GC invocations=326 (full 0):
 garbage-first heap   total 342016K, used 261198K [0x0000000080000000, 0x0000000100000000)
  region size 1024K, 92 young (94208K), 1 survivors (1024K)
 Metaspace       used 122720K, capacity 127289K, committed 127640K, reserved 1161216K
  class space    used 15032K, capacity 16661K, committed 16792K, reserved 1048576K
}
Event: 5609.877 GC heap after
{Heap after GC invocations=327 (full 0):
 garbage-first heap   total 342016K, used 157921K [0x0000000080000000, 0x0000000100000000)
  region size 1024K, 8 young (8192K), 8 survivors (8192K)
 Metaspace       used 122720K, capacity 127289K, committed 127640K, reserved 1161216K
  class space    used 15032K, capacity 16661K, committed 16792K, reserved 1048576K
}
Event: 5609.884 GC heap before
{Heap before GC invocations=327 (full 0):
 garbage-first heap   total 342016K, used 165089K [0x0000000080000000, 0x0000000100000000)
  region size 1024K, 16 young (16384K), 8 survivors (8192K)
 Metaspace       used 122732K, capacity 127353K, committed 127640K, reserved 1161216K
  class space    used 15032K, capacity 16661K, committed 16792K, reserved 1048576K
}
Event: 5609.895 GC heap after
{Heap after GC invocations=328 (full 0):
 garbage-first heap   total 342016K, used 132064K [0x0000000080000000, 0x0000000100000000)
  region size 1024K, 2 young (2048K), 2 survivors (2048K)
 Metaspace       used 122732K, capacity 127353K, committed 127640K, reserved 1161216K
  class space    used 15032K, capacity 16661K, committed 16792K, reserved 1048576K
}
Event: 5609.935 GC heap before
{Heap before GC invocations=328 (full 0):
 garbage-first heap   total 342016K, used 156640K [0x0000000080000000, 0x0000000100000000)
  region size 1024K, 27 young (27648K), 2 survivors (2048K)
 Metaspace       used 122748K, capacity 127354K, committed 127640K, reserved 1161216K
  class space    used 15032K, capacity 16661K, committed 16792K, reserved 1048576K
}
Event: 5609.943 GC heap after
{Heap after GC invocations=329 (full 0):
 garbage-first heap   total 342016K, used 132640K [0x0000000080000000, 0x0000000100000000)
  region size 1024K, 3 young (3072K), 3 survivors (3072K)
 Metaspace       used 122748K, capacity 127354K, committed 127640K, reserved 1161216K
  class space    used 15032K, capacity 16661K, committed 16792K, reserved 1048576K
}

