# JRE version: OpenJDK Runtime Environment (11.0.10) (build 11.0.10+0-b96-7249189)
# Java VM: OpenJDK 64-Bit Server VM (11.0.10+0-b96-7249189, mixed mode, tiered, compressed oops, g1 gc, linux-amd64)
Heap:
 garbage-first heap   total 256000K, used 167845K [0x0000000080000000, 0x0000000100000000)
  region size 1024K, 25 young (25600K), 10 survivors (10240K)
 Metaspace       used 119133K, capacity 122363K, committed 122828K, reserved 1155072K
  class space    used 14895K, capacity 16097K, committed 16332K, reserved 1048576K
GC Heap History (20 events):
Event: 482.656 GC heap before
{Heap before GC invocations=31 (full 0):
 garbage-first heap   total 256000K, used 115796K [0x0000000080000000, 0x0000000100000000)
  region size 1024K, 12 young (12288K), 6 survivors (6144K)
 Metaspace       used 113098K, capacity 116144K, committed 117196K, reserved 1150976K
  class space    used 14479K, capacity 15642K, committed 16076K, reserved 1048576K
}
Event: 482.660 GC heap after
{Heap after GC invocations=32 (full 0):
 garbage-first heap   total 256000K, used 95081K [0x0000000080000000, 0x0000000100000000)
  region size 1024K, 2 young (2048K), 2 survivors (2048K)
 Metaspace       used 113098K, capacity 116144K, committed 117196K, reserved 1150976K
  class space    used 14479K, capacity 15642K, committed 16076K, reserved 1048576K
}
Event: 485.848 GC heap before
{Heap before GC invocations=32 (full 0):
 garbage-first heap   total 256000K, used 186217K [0x0000000080000000, 0x0000000100000000)
  region size 1024K, 92 young (94208K), 2 survivors (2048K)
 Metaspace       used 116299K, capacity 119319K, committed 120140K, reserved 1153024K
  class space    used 14787K, capacity 15917K, committed 16204K, reserved 1048576K
}
Event: 485.854 GC heap after
{Heap after GC invocations=33 (full 0):
 garbage-first heap   total 256000K, used 99691K [0x0000000080000000, 0x0000000100000000)
  region size 1024K, 7 young (7168K), 7 survivors (7168K)
 Metaspace       used 116299K, capacity 119319K, committed 120140K, reserved 1153024K
  class space    used 14787K, capacity 15917K, committed 16204K, reserved 1048576K
}
Event: 486.014 GC heap before
{Heap before GC invocations=33 (full 0):
 garbage-first heap   total 256000K, used 139627K [0x0000000080000000, 0x0000000100000000)
  region size 1024K, 29 young (29696K), 7 survivors (7168K)
 Metaspace       used 116547K, capacity 119648K, committed 120524K, reserved 1153024K
  class space    used 14806K, capacity 15961K, committed 16332K, reserved 1048576K
}
Event: 486.019 GC heap after
{Heap after GC invocations=34 (full 0):
 garbage-first heap   total 256000K, used 113094K [0x0000000080000000, 0x0000000100000000)
  region size 1024K, 8 young (8192K), 8 survivors (8192K)
 Metaspace       used 116547K, capacity 119648K, committed 120524K, reserved 1153024K
  class space    used 14806K, capacity 15961K, committed 16332K, reserved 1048576K
}
Event: 1099.896 GC heap before
{Heap before GC invocations=35 (full 0):
 garbage-first heap   total 256000K, used 207302K [0x0000000080000000, 0x0000000100000000)
  region size 1024K, 86 young (88064K), 8 survivors (8192K)
 Metaspace       used 117365K, capacity 120454K, committed 121292K, reserved 1155072K
  class space    used 14843K, capacity 16007K, committed 16332K, reserved 1048576K
}
Event: 1099.900 GC heap after
{Heap after GC invocations=36 (full 0):
 garbage-first heap   total 256000K, used 98195K [0x0000000080000000, 0x0000000100000000)
  region size 1024K, 2 young (2048K), 2 survivors (2048K)
 Metaspace       used 117365K, capacity 120454K, committed 121292K, reserved 1155072K
  class space    used 14843K, capacity 16007K, committed 16332K, reserved 1048576K
}
Event: 1099.937 GC heap before
{Heap before GC invocations=36 (full 0):
 garbage-first heap   total 256000K, used 107411K [0x0000000080000000, 0x0000000100000000)
  region size 1024K, 12 young (12288K), 2 survivors (2048K)
 Metaspace       used 117402K, capacity 120456K, committed 121292K, reserved 1155072K
  class space    used 14843K, capacity 16007K, committed 16332K, reserved 1048576K
}
Event: 1099.942 GC heap after
{Heap after GC invocations=37 (full 0):
 garbage-first heap   total 256000K, used 92231K [0x0000000080000000, 0x0000000100000000)
  region size 1024K, 2 young (2048K), 2 survivors (2048K)
 Metaspace       used 117402K, capacity 120456K, committed 121292K, reserved 1155072K
  class space    used 14843K, capacity 16007K, committed 16332K, reserved 1048576K
}
Event: 1100.685 GC heap before
{Heap before GC invocations=37 (full 0):
 garbage-first heap   total 256000K, used 207943K [0x0000000080000000, 0x0000000100000000)
  region size 1024K, 98 young (100352K), 2 survivors (2048K)
 Metaspace       used 117798K, capacity 120930K, committed 121548K, reserved 1155072K
  class space    used 14863K, capacity 16041K, committed 16332K, reserved 1048576K
}
Event: 1100.688 GC heap after
{Heap after GC invocations=38 (full 0):
 garbage-first heap   total 256000K, used 96401K [0x0000000080000000, 0x0000000100000000)
  region size 1024K, 6 young (6144K), 6 survivors (6144K)
 Metaspace       used 117798K, capacity 120930K, committed 121548K, reserved 1155072K
  class space    used 14863K, capacity 16041K, committed 16332K, reserved 1048576K
}
Event: 2203.539 GC heap before
{Heap before GC invocations=38 (full 0):
 garbage-first heap   total 256000K, used 213137K [0x0000000080000000, 0x0000000100000000)
  region size 1024K, 103 young (105472K), 6 survivors (6144K)
 Metaspace       used 118179K, capacity 121356K, committed 122060K, reserved 1155072K
  class space    used 14869K, capacity 16050K, committed 16332K, reserved 1048576K
}
Event: 2203.542 GC heap after
{Heap after GC invocations=39 (full 0):
 garbage-first heap   total 256000K, used 91610K [0x0000000080000000, 0x0000000100000000)
  region size 1024K, 1 young (1024K), 1 survivors (1024K)
 Metaspace       used 118179K, capacity 121356K, committed 122060K, reserved 1155072K
  class space    used 14869K, capacity 16050K, committed 16332K, reserved 1048576K
}
Event: 2561.306 GC heap before
{Heap before GC invocations=39 (full 0):
 garbage-first heap   total 256000K, used 201178K [0x0000000080000000, 0x0000000100000000)
  region size 1024K, 105 young (107520K), 1 survivors (1024K)
 Metaspace       used 118829K, capacity 122027K, committed 122316K, reserved 1155072K
  class space    used 14894K, capacity 16096K, committed 16332K, reserved 1048576K
}
Event: 2561.311 GC heap after
{Heap after GC invocations=40 (full 0):
 garbage-first heap   total 256000K, used 103462K [0x0000000080000000, 0x0000000100000000)
  region size 1024K, 9 young (9216K), 9 survivors (9216K)
 Metaspace       used 118829K, capacity 122027K, committed 122316K, reserved 1155072K
  class space    used 14894K, capacity 16096K, committed 16332K, reserved 1048576K
}
Event: 2561.535 GC heap before
{Heap before GC invocations=40 (full 0):
 garbage-first heap   total 256000K, used 217126K [0x0000000080000000, 0x0000000100000000)
  region size 1024K, 106 young (108544K), 9 survivors (9216K)
 Metaspace       used 119121K, capacity 122362K, committed 122828K, reserved 1155072K
  class space    used 14895K, capacity 16097K, committed 16332K, reserved 1048576K
}
Event: 2561.551 GC heap after
{Heap after GC invocations=41 (full 0):
 garbage-first heap   total 256000K, used 132245K [0x0000000080000000, 0x0000000100000000)
  region size 1024K, 14 young (14336K), 14 survivors (14336K)
 Metaspace       used 119121K, capacity 122362K, committed 122828K, reserved 1155072K
  class space    used 14895K, capacity 16097K, committed 16332K, reserved 1048576K
}
Event: 2561.796 GC heap before
{Heap before GC invocations=41 (full 0):
 garbage-first heap   total 256000K, used 196757K [0x0000000080000000, 0x0000000100000000)
  region size 1024K, 78 young (79872K), 14 survivors (14336K)
 Metaspace       used 119130K, capacity 122363K, committed 122828K, reserved 1155072K
  class space    used 14895K, capacity 16097K, committed 16332K, reserved 1048576K
}
Event: 2561.854 GC heap after
{Heap after GC invocations=42 (full 0):
 garbage-first heap   total 256000K, used 149413K [0x0000000080000000, 0x0000000100000000)
  region size 1024K, 10 young (10240K), 10 survivors (10240K)
 Metaspace       used 119130K, capacity 122363K, committed 122828K, reserved 1155072K
  class space    used 14895K, capacity 16097K, committed 16332K, reserved 1048576K
}

